[*] Importing SH_HekateWeaver...
[+] Import Successful.

[*] Checking Class Structure...
[+] HekateWeaver._is_file_noise method FOUND.

[*] Checking source code cleanliness...
[+] Duplicate seeds = set() NOT found (OK).
[+] New ID Chaining Loop logic detected.

[*] Testing NemesisTracer Logic (v15.24 ID Chaining)...
[*] Tracing seed: ['Incriminating.exe']
[+] trace_lifecycle executed. Hits: 6
  - Lifecycle Trace [Birth]: Incriminating.exe
  - Lifecycle Trace [Renamed FROM]: Incriminating.exe
  - Lifecycle Trace [Birth]: Incriminating.exe
  - Lifecycle Trace [Renamed FROM]: Incriminating.exe
  - Lifecycle Trace [Renamed TO]: SafeLooking.log
  - Lifecycle Trace [Activity]: SafeLooking.log
[OK] Seed Event Recovered.
[OK] Renamed File (New Name) Recovered via ID Chain.
[OK] MFT Record Recovered via ID Chain.

[*] Final Integrity Check Complete.
