[*] Importing SH_HekateWeaver...
[+] Import Successful.

[*] Checking Class Structure...
[+] HekateWeaver._is_file_noise method FOUND on class.
[SUCCESS] _is_file_noise defined exactly once (Count: 1).

[*] Testing NemesisTracer v15.25 (Identity Shift & ID Robustness)...
[*] Tracing seed: ['OldName.exe']
[+] trace_lifecycle executed. Hits: 5
  - Lifecycle Trace [Identity Change (Renamed FROM)]: OldName.exe
  - Lifecycle Trace [Identity Shift]: OldName.exe -> NewName.bin
  - Lifecycle Trace [Identity Change (Renamed FROM)]: OldName.exe
  - Lifecycle Trace [Identity Shift]: OldName.exe -> NewName.bin
  - Lifecycle Trace [Activity]: NewName.bin
[SUCCESS] 'Identity Shift' visualization confirmed.
[SUCCESS] Robust ID handling confirmed (MFT record found).

[*] Testing Phase A: OldFileName Harvesting (v15.26)...
[*] Tracing seed: ['Secret.doc']
  - Lifecycle Trace [Identity Shift]: Secret.doc -> Public.pdf
  - Lifecycle Trace [Identity Shift]: Secret.doc -> Public.pdf
  - Lifecycle Trace [Activity]: Public.pdf
[SUCCESS] Found record via OldFileName match!
[SUCCESS] Chained to MFT record via ID 777!

[*] Final Integrity Check Complete.
