[*] Setting up Mock Data...
[*] Running Trace_Lifecycle for seed: ['Loader.ps1']
[Debug] Searching for pattern: Loader\.ps1

[+] hits: 4

--- [Report Output Simulation] ---
Time: 2025-12-25 10:00:00
Summary: Lifecycle Trace [Lifecycle Activity]: Loader.ps1
Detail: Full Reason: UNKNOWN
Path: C:\Temp
------------------------------
Time: 2025-12-25 10:00:01
Summary: Lifecycle Trace [File Created (Birth)]: Loader.ps1
Detail: Full Reason: FILE_CREATE
Path: C:\Temp
------------------------------
Time: 2025-12-25 10:05:00
Summary: Lifecycle Trace [File Modified/Appended]: Loader.ps1
Detail: Full Reason: DATA_EXTEND
Path: C:\Temp
------------------------------
Time: 2025-12-25 10:10:00
Summary: Lifecycle Trace [Renamed FROM (Identity Change)]: Loader.ps1
Detail: Full Reason: RENAME_OLD_NAME
Path: C:\Temp
------------------------------

[*] Analysis:
  - Creation Detected: True
  - Rename (Old Name) Detected: True
  - Rename (New Name) Detected: False (Note: Expected Fail if string match only)
  - Deletion Detected: False (Note: Expected Fail if string match only)

[SUCCESS] Basic Lifecycle (Birth -> Identity Change) verified.
